<?xml version="1.0" encoding="UTF-8"?>
<!-- Generated by org.testng.reporters.JUnitXMLReporter -->
<testsuite ignored="0" hostname="Elma" failures="0" tests="6" name="Login Firefox" time="29.122" errors="0" timestamp="2022-03-31T13:58:10 CEST">
  <testcase classname="placelab.tests.LoginPageTest" name="LoginInvalidCredentialsInvalidPassword" time="1.117"/>
  <testcase classname="placelab.tests.LoginPageTest" name="LoginInvalidCredentialsInvalidEmail" time="1.225"/>
  <testcase classname="placelab.tests.LoginPageTest" name="LoginInvalidCredentialsEmptyPassword" time="1.278"/>
  <testcase classname="placelab.tests.LoginPageTest" name="LoginInvalidCredentialsEmptyEmail" time="0.75"/>
  <testcase classname="placelab.tests.LoginPageTest" name="LoginLogout" time="5.326"/>
  <testcase classname="placelab.tests.LoginPageTest" name="LoginForgotYourPassword" time="0.526"/>
</testsuite> <!-- Login Firefox -->
