<?xml version="1.0" encoding="UTF-8"?>
<!-- Generated by org.testng.reporters.JUnitXMLReporter -->
<testsuite ignored="0" hostname="Elma" failures="0" tests="6" name="Login Chrome" time="17.451" errors="0" timestamp="2022-03-31T13:57:58 CEST">
  <testcase classname="placelab.tests.LoginPageTest" name="LoginInvalidCredentialsInvalidPassword" time="1.018"/>
  <testcase classname="placelab.tests.LoginPageTest" name="LoginInvalidCredentialsInvalidEmail" time="0.899"/>
  <testcase classname="placelab.tests.LoginPageTest" name="LoginInvalidCredentialsEmptyPassword" time="0.912"/>
  <testcase classname="placelab.tests.LoginPageTest" name="LoginInvalidCredentialsEmptyEmail" time="0.972"/>
  <testcase classname="placelab.tests.LoginPageTest" name="LoginLogout" time="7.059"/>
  <testcase classname="placelab.tests.LoginPageTest" name="LoginForgotYourPassword" time="0.571"/>
</testsuite> <!-- Login Chrome -->
